Container events-webpacker-1  Created
Container events-postgres-1  Created
Container pgadmin  Created
Container events-redis-1  Created
Container events-sidekiq-1  Created
Container events-rails-1  Created
Container events-web-1  Created
Attaching to events-postgres-1, events-rails-1, events-redis-1, events-sidekiq-1, events-web-1, events-webpacker-1, pgadmin
events-redis-1      | 1:C 30 Sep 2022 14:46:48.068 # oO0OoO0OoO0Oo Redis is starting oO0OoO0OoO0Oo
events-redis-1      | 1:C 30 Sep 2022 14:46:48.068 # Redis version=7.0.5, bits=64, commit=00000000, modified=0, pid=1, just started
events-redis-1      | 1:C 30 Sep 2022 14:46:48.068 # Configuration loaded
events-redis-1      | 1:M 30 Sep 2022 14:46:48.068 * monotonic clock: POSIX clock_gettime
events-redis-1      | 1:M 30 Sep 2022 14:46:48.069 * Running mode=standalone, port=6379.
events-redis-1      | 1:M 30 Sep 2022 14:46:48.069 # Server initialized
events-redis-1      | 1:M 30 Sep 2022 14:46:48.069 * Reading RDB base file on AOF loading...
events-redis-1      | 1:M 30 Sep 2022 14:46:48.069 * Loading RDB produced by version 7.0.4
events-redis-1      | 1:M 30 Sep 2022 14:46:48.069 * RDB age 1518472 seconds
events-redis-1      | 1:M 30 Sep 2022 14:46:48.069 * RDB memory usage when created 0.82 Mb
events-redis-1      | 1:M 30 Sep 2022 14:46:48.069 * RDB is base AOF
events-redis-1      | 1:M 30 Sep 2022 14:46:48.069 * Done loading RDB, keys loaded: 0, keys expired: 0.
events-redis-1      | 1:M 30 Sep 2022 14:46:48.069 * DB loaded from base file appendonly.aof.1.base.rdb: 0.000 seconds
events-redis-1      | 1:M 30 Sep 2022 14:46:48.091 * DB loaded from incr file appendonly.aof.1.incr.aof: 0.021 seconds
events-redis-1      | 1:M 30 Sep 2022 14:46:48.091 * DB loaded from append only file: 0.021 seconds
events-redis-1      | 1:M 30 Sep 2022 14:46:48.091 * Opening AOF incr file appendonly.aof.1.incr.aof on server start
events-redis-1      | 1:M 30 Sep 2022 14:46:48.091 * Ready to accept connections
events-postgres-1   | chmod: changing permissions of '/var/run/postgresql': Operation not permitted
events-postgres-1   | 
events-postgres-1   | PostgreSQL Database directory appears to contain a database; Skipping initialization
events-postgres-1   | 
events-postgres-1   | 2022-09-30 14:46:48.113 CST [1] LOG:  starting PostgreSQL 14.0 (Debian 14.0-1.pgdg110+1) on x86_64-pc-linux-gnu, compiled by gcc (Debian 10.2.1-6) 10.2.1 20210110, 64-bit
events-postgres-1   | 2022-09-30 14:46:48.113 CST [1] LOG:  listening on IPv4 address "0.0.0.0", port 5432
events-postgres-1   | 2022-09-30 14:46:48.113 CST [1] LOG:  listening on IPv6 address "::", port 5432
events-postgres-1   | 2022-09-30 14:46:48.117 CST [1] LOG:  listening on Unix socket "/var/run/postgresql/.s.PGSQL.5432"
events-postgres-1   | 2022-09-30 14:46:48.123 CST [13] LOG:  database system was shut down at 2022-09-30 14:46:45 CST
events-postgres-1   | 2022-09-30 14:46:48.129 CST [1] LOG:  database system is ready to accept connections
events-webpacker-1  | [DEPRECATION] The trollop gem has been renamed to optimist and will no longer be supported. Please switch to optimist as soon as possible.
events-web-1        | Using rake 13.0.6
events-web-1        | Using concurrent-ruby 1.1.10
events-web-1        | Using i18n 1.12.0
events-web-1        | Using minitest 5.16.3
events-web-1        | Using thread_safe 0.3.6
events-web-1        | Using tzinfo 1.2.10
events-web-1        | Using zeitwerk 2.6.0
events-web-1        | Using activesupport 6.0.5.1
events-web-1        | Using builder 3.2.4
events-web-1        | Using erubi 1.11.0
events-web-1        | Using racc 1.6.0
events-web-1        | Using nokogiri 1.13.8 (x86_64-linux)
events-web-1        | Using rails-dom-testing 2.0.3
events-web-1        | Using crass 1.0.6
events-web-1        | Using loofah 2.19.0
events-web-1        | Using rails-html-sanitizer 1.4.3
events-web-1        | Using actionview 6.0.5.1
events-web-1        | Using rack 2.2.4
events-web-1        | Using rack-test 2.0.2
events-web-1        | Using actionpack 6.0.5.1
events-web-1        | Using nio4r 2.5.8
events-web-1        | Using websocket-extensions 0.1.5
events-web-1        | Using websocket-driver 0.7.5
events-web-1        | Using actioncable 6.0.5.1
events-web-1        | Using globalid 1.0.0
events-web-1        | Using activejob 6.0.5.1
events-web-1        | Using activemodel 6.0.5.1
events-web-1        | Using activerecord 6.0.5.1
events-web-1        | Using marcel 1.0.2
events-web-1        | Using activestorage 6.0.5.1
events-web-1        | Using mini_mime 1.1.2
events-web-1        | Using mail 2.7.1
events-web-1        | Using actionmailbox 6.0.5.1
events-web-1        | Using actionmailer 6.0.5.1
events-web-1        | Using actiontext 6.0.5.1
events-web-1        | Using multi_json 1.15.0
events-web-1        | Using method_source 1.0.0
events-web-1        | Using thor 1.2.1
events-web-1        | Using railties 6.0.5.1
events-web-1        | Using activerecord-session_store 2.0.0
events-web-1        | Using acts-as-taggable-on 6.5.0
events-web-1        | Using public_suffix 5.0.0
events-web-1        | Using addressable 2.8.1
events-web-1        | Using net-ssh 7.0.1
events-web-1        | Using net-scp 1.2.1
events-web-1        | Using sshkit 1.21.3
events-web-1        | Using airbrussh 1.4.1
events-web-1        | Using bcrypt_pbkdf 1.1.0
events-web-1        | Using msgpack 1.5.6
events-web-1        | Using bootsnap 1.13.0
events-web-1        | Using bundler 2.3.22
events-web-1        | Using capistrano 3.17.1
events-web-1        | Using capistrano-bundler 2.1.0
events-web-1        | Using capistrano-rails 1.6.2
events-web-1        | Using puma 5.6.5
events-web-1        | Using capistrano3-puma 5.2.0
events-web-1        | Using matrix 0.4.2
events-web-1        | Using regexp_parser 2.6.0
events-web-1        | Using xpath 3.2.0
events-web-1        | Using capybara 3.37.1
events-web-1        | Using mini_magick 4.11.0
events-web-1        | Using ffi 1.15.5
events-web-1        | Using ruby-vips 2.1.4
events-web-1        | Using image_processing 1.12.2
events-web-1        | Using ssrf_filter 1.1.1
events-web-1        | Using carrierwave 2.2.2
events-web-1        | Using carrierwave-i18n 0.2.0
events-web-1        | Using coffee-script-source 1.12.2
events-web-1        | Using execjs 2.8.1
events-web-1        | Using coffee-script 2.4.1
events-web-1        | Using coffee-rails 5.0.0
events-web-1        | Using connection_pool 2.3.0
events-web-1        | Using cucumber-ci-environment 9.1.0
events-web-1        | Using cucumber-messages 18.0.0
events-web-1        | Using cucumber-gherkin 23.0.1
events-web-1        | Using cucumber-tag-expressions 4.1.0
events-web-1        | Using cucumber-core 11.0.0
events-web-1        | Using cucumber-cucumber-expressions 15.2.0
events-web-1        | Using cucumber-html-formatter 19.2.0
events-web-1        | Using diff-lcs 1.5.0
events-web-1        | Using mime-types-data 3.2022.0105
events-web-1        | Using mime-types 3.4.1
events-web-1        | Using multi_test 1.1.0
events-web-1        | Using sys-uname 1.2.2
events-web-1        | Using cucumber 8.0.0
events-web-1        | Using dalli 3.2.2
events-web-1        | Using dynamic_form 1.1.4
events-web-1        | Using ed25519 1.3.0
events-web-1        | Using jquery-rails 4.5.0
events-web-1        | Using json 2.6.2
events-web-1        | Using optimist 3.0.1
events-web-1        | Using parslet 2.0.0
events-web-1        | Using pg 1.4.3
events-web-1        | Using rack-proxy 0.7.4
events-web-1        | Using sprockets 4.1.1
events-web-1        | Using sprockets-rails 3.4.2
events-web-1        | Using rails 6.0.5.1
events-web-1        | Using rails-controller-testing 1.0.5
events-web-1        | Using redis-client 0.9.0
events-web-1        | Using redis 5.0.5
events-web-1        | Using responders 3.0.1
events-web-1        | Using sassc 2.4.0
events-web-1        | Using tilt 2.0.11
events-web-1        | Using sassc-rails 2.1.2
events-web-1        | Using sass-rails 6.0.0
events-web-1        | Using semantic_range 3.0.0
events-web-1        | Using sidekiq 6.5.5
events-web-1        | Using trollop 2.9.10
events-web-1        | Using turbolinks-source 5.2.0
events-web-1        | Using turbolinks 5.2.1
events-web-1        | Using uglifier 4.2.0
events-web-1        | Using webpacker 5.4.3
events-web-1        | Using will_paginate 3.3.1
events-web-1        | Using yarn 0.1.1
events-web-1        | Updating files in vendor/cache
events-sidekiq-1    | 2022-09-30T06:46:49.070Z pid=1 tid=3fx INFO: Booting Sidekiq 6.5.5 with Sidekiq::RedisConnection::RedisAdapter options {:url=>"redis://redis:6379/0"}
events-web-1        | [32mBundle complete! 37 Gemfile dependencies, 114 gems now installed.[0m
events-web-1        | [32mUse `bundle info [gemname]` to see where a bundled gem is installed.[0m
events-sidekiq-1    | [31m
events-sidekiq-1    | 
events-sidekiq-1    |       [37m         m,
events-sidekiq-1    |       [37m         `$b
events-sidekiq-1    |       [37m    .ss,  $$:         .,d$
events-sidekiq-1    |       [37m    `$$P,d$P'    .,md$P"'
events-sidekiq-1    |       [37m     ,$$$$$b[30m/[37mmd$$$P^'
events-sidekiq-1    |       [37m   .d$$$$$$[30m/[37m$$$P'
events-sidekiq-1    |       [37m   $$^' `"[30m/[37m$$$'       [31m____  _     _      _    _
events-sidekiq-1    |       [37m   $:     ,$$:      [31m / ___|(_) __| | ___| | _(_) __ _
events-sidekiq-1    |       [37m   `b     :$$       [31m \___ \| |/ _` |/ _ \ |/ / |/ _` |
events-sidekiq-1    |       [37m          $$:        [31m ___) | | (_| |  __/   <| | (_| |
events-sidekiq-1    |       [37m          $$         [31m|____/|_|\__,_|\___|_|\_\_|\__, |
events-sidekiq-1    |       [37m        .d$$          [31m                             |_|
events-sidekiq-1    |       [0m
events-sidekiq-1    | [0m
events-sidekiq-1    | 2022-09-30T06:46:49.199Z pid=1 tid=3fx INFO: Booted Rails 6.0.5.1 application in development environment
events-sidekiq-1    | 2022-09-30T06:46:49.199Z pid=1 tid=3fx INFO: Running in ruby 2.7.6p219 (2022-04-12 revision c9c2245c0a) [x86_64-linux]
events-sidekiq-1    | 2022-09-30T06:46:49.199Z pid=1 tid=3fx INFO: See LICENSE and the LGPL-3.0 for licensing details.
events-sidekiq-1    | 2022-09-30T06:46:49.199Z pid=1 tid=3fx INFO: Upgrade to Sidekiq Pro for more features and support: https://sidekiq.org
events-sidekiq-1    | 2022-09-30T06:46:49.200Z pid=1 tid=3fx WARN: 
events-sidekiq-1    | 
events-sidekiq-1    | WARNING: Your Redis instance will evict Sidekiq data under heavy load.
events-sidekiq-1    | The 'noeviction' maxmemory policy is recommended (current policy: 'allkeys-lfu').
events-sidekiq-1    | See: https://github.com/mperham/sidekiq/wiki/Using-Redis#memory
events-sidekiq-1    | 
events-sidekiq-1    | 
events-sidekiq-1    | 2022-09-30T06:46:49.200Z pid=1 tid=3fx INFO: Starting processing, hit Ctrl-C to stop
events-web-1 exited with code 0
pgadmin             | [2022-09-30 14:46:51 +0800] [1] [INFO] Starting gunicorn 20.1.0
pgadmin             | [2022-09-30 14:46:51 +0800] [1] [INFO] Listening at: http://[::]:80 (1)
pgadmin             | [2022-09-30 14:46:51 +0800] [1] [INFO] Using worker: gthread
pgadmin             | [2022-09-30 14:46:51 +0800] [81] [INFO] Booting worker with pid: 81
events-rails-1      | The most common rails commands are:
events-rails-1      |  generate     Generate new code (short-cut alias: "g")
events-rails-1      |  console      Start the Rails console (short-cut alias: "c")
events-rails-1      |  server       Start the Rails server (short-cut alias: "s")
events-rails-1      |  test         Run tests except system tests (short-cut alias: "t")
events-rails-1      |  test:system  Run system tests
events-rails-1      |  dbconsole    Start a console for the database specified in config/database.yml
events-rails-1      |               (short-cut alias: "db")
events-rails-1      | 
events-rails-1      |  new          Create a new Rails application. "rails new my_app" creates a
events-rails-1      |               new application called MyApp in "./my_app"
events-rails-1      | 
events-rails-1      | 
events-rails-1      | All commands can be run with -h (or --help) for more information.
events-rails-1      | In addition to those commands, there are:
events-rails-1      | 
events-rails-1      |   about
events-rails-1      |   action_mailbox:ingress:exim
events-rails-1      |   action_mailbox:ingress:postfix
events-rails-1      |   action_mailbox:ingress:qmail
events-rails-1      |   action_mailbox:install
events-rails-1      |   action_text:install
events-rails-1      |   active_storage:install
events-rails-1      |   acts_as_taggable_on_engine:install:migrations
events-rails-1      |   acts_as_taggable_on_engine:tag_names:collate_bin
events-rails-1      |   acts_as_taggable_on_engine:tag_names:collate_ci
events-rails-1      |   app:template
events-rails-1      |   app:update
events-rails-1      |   assets:clean[keep]
events-rails-1      |   assets:clobber
events-rails-1      |   assets:environment
events-rails-1      |   assets:precompile
events-rails-1      |   cache_digests:dependencies
events-rails-1      |   cache_digests:nested_dependencies
events-rails-1      |   credentials:edit
events-rails-1      |   credentials:show
events-rails-1      |   db:create
events-rails-1      |   db:drop
events-rails-1      |   db:environment:set
events-rails-1      |   db:fixtures:load
events-rails-1      |   db:migrate
events-rails-1      |   db:migrate:status
events-rails-1      |   db:prepare
events-rails-1      |   db:rollback
events-rails-1      |   db:schema:cache:clear
events-rails-1      |   db:schema:cache:dump
events-rails-1      |   db:schema:dump
events-rails-1      |   db:schema:load
events-rails-1      |   db:seed
events-rails-1      |   db:seed:replant
events-rails-1      |   db:sessions:clear
events-rails-1      |   db:sessions:create
events-rails-1      |   db:sessions:trim
events-rails-1      |   db:sessions:upgrade
events-rails-1      |   db:setup
events-rails-1      |   db:structure:dump
events-rails-1      |   db:structure:load
events-rails-1      |   db:system:change
events-rails-1      |   db:version
events-rails-1      |   destroy
events-rails-1      |   dev:cache
events-rails-1      |   encrypted:edit
events-rails-1      |   encrypted:show
events-rails-1      |   initializers
events-rails-1      |   log:clear
events-rails-1      |   middleware
events-rails-1      |   notes
events-rails-1      |   restart
events-rails-1      |   routes
events-rails-1      |   runner
events-rails-1      |   secret
events-rails-1      |   secrets:edit
events-rails-1      |   secrets:setup
events-rails-1      |   secrets:show
events-rails-1      |   stats
events-rails-1      |   test:db
events-rails-1      |   time:zones[country_or_offset]
events-rails-1      |   tmp:clear
events-rails-1      |   tmp:create
events-rails-1      |   version
events-rails-1      |   webpacker
events-rails-1      |   webpacker:binstubs
events-rails-1      |   webpacker:check_binstubs
events-rails-1      |   webpacker:check_node
events-rails-1      |   webpacker:check_yarn
events-rails-1      |   webpacker:clean[keep,age]
events-rails-1      |   webpacker:clobber
events-rails-1      |   webpacker:compile
events-rails-1      |   webpacker:info
events-rails-1      |   webpacker:install
events-rails-1      |   webpacker:install:angular
events-rails-1      |   webpacker:install:coffee
events-rails-1      |   webpacker:install:elm
events-rails-1      |   webpacker:install:erb
events-rails-1      |   webpacker:install:react
events-rails-1      |   webpacker:install:stimulus
events-rails-1      |   webpacker:install:svelte
events-rails-1      |   webpacker:install:typescript
events-rails-1      |   webpacker:install:vue
events-rails-1      |   webpacker:verify_install
events-rails-1      |   webpacker:yarn_install
events-rails-1      |   yarn:install
events-rails-1      |   zeitwerk:check
events-rails-1 exited with code 0
pgadmin             | 2022-09-30 14:46:57,606: ERROR	pgadmin:	400 Bad Request: The CSRF session token is missing.
pgadmin             | Traceback (most recent call last):
pgadmin             |   File "/venv/lib/python3.10/site-packages/flask_wtf/csrf.py", line 261, in protect
pgadmin             |     validate_csrf(self._get_csrf_token())
pgadmin             |   File "/venv/lib/python3.10/site-packages/flask_wtf/csrf.py", line 103, in validate_csrf
pgadmin             |     raise ValidationError("The CSRF session token is missing.")
pgadmin             | wtforms.validators.ValidationError: The CSRF session token is missing.
pgadmin             | 
pgadmin             | During handling of the above exception, another exception occurred:
pgadmin             | 
pgadmin             | Traceback (most recent call last):
pgadmin             |   File "/venv/lib/python3.10/site-packages/flask/app.py", line 1515, in full_dispatch_request
pgadmin             |     rv = self.preprocess_request()
pgadmin             |   File "/venv/lib/python3.10/site-packages/flask/app.py", line 1857, in preprocess_request
pgadmin             |     rv = self.ensure_sync(before_func)()
pgadmin             |   File "/venv/lib/python3.10/site-packages/flask_wtf/csrf.py", line 229, in csrf_protect
pgadmin             |     self.protect()
pgadmin             |   File "/venv/lib/python3.10/site-packages/flask_wtf/csrf.py", line 264, in protect
pgadmin             |     self._error_response(e.args[0])
pgadmin             |   File "/venv/lib/python3.10/site-packages/flask_wtf/csrf.py", line 307, in _error_response
pgadmin             |     raise CSRFError(reason)
pgadmin             | flask_wtf.csrf.CSRFError: 400 Bad Request: The CSRF session token is missing.
pgadmin             | ::ffff:172.18.0.1 - - [30/Sep/2022:14:46:57 +0800] "POST /misc/cleanup HTTP/1.1" 200 0 "http://localhost:5433/browser/" "Mozilla/5.0 (X11; Linux x86_64; rv:102.0) Gecko/20100101 Firefox/102.0"
pgadmin             | ::ffff:172.18.0.1 - - [30/Sep/2022:14:46:57 +0800] "GET /dashboard/dashboard_stats/1?chart_names=session_stats,tps_stats,ti_stats,to_stats,bio_stats HTTP/1.1" 400 125 "http://localhost:5433/browser/" "Mozilla/5.0 (X11; Linux x86_64; rv:102.0) Gecko/20100101 Firefox/102.0"
pgadmin             | 2022-09-30 14:46:57,606: ERROR	pgadmin:	400 Bad Request: The CSRF session token is missing.
pgadmin             | Traceback (most recent call last):
pgadmin             |   File "/venv/lib/python3.10/site-packages/flask_wtf/csrf.py", line 261, in protect
pgadmin             |     validate_csrf(self._get_csrf_token())
pgadmin             |   File "/venv/lib/python3.10/site-packages/flask_wtf/csrf.py", line 103, in validate_csrf
pgadmin             |     raise ValidationError("The CSRF session token is missing.")
pgadmin             | wtforms.validators.ValidationError: The CSRF session token is missing.
pgadmin             | 
pgadmin             | During handling of the above exception, another exception occurred:
pgadmin             | 
pgadmin             | Traceback (most recent call last):
pgadmin             |   File "/venv/lib/python3.10/site-packages/flask/app.py", line 1515, in full_dispatch_request
pgadmin             |     rv = self.preprocess_request()
pgadmin             |   File "/venv/lib/python3.10/site-packages/flask/app.py", line 1857, in preprocess_request
pgadmin             |     rv = self.ensure_sync(before_func)()
pgadmin             |   File "/venv/lib/python3.10/site-packages/flask_wtf/csrf.py", line 229, in csrf_protect
pgadmin             |     self.protect()
pgadmin             |   File "/venv/lib/python3.10/site-packages/flask_wtf/csrf.py", line 264, in protect
pgadmin             |     self._error_response(e.args[0])
pgadmin             |   File "/venv/lib/python3.10/site-packages/flask_wtf/csrf.py", line 307, in _error_response
pgadmin             |     raise CSRFError(reason)
pgadmin             | flask_wtf.csrf.CSRFError: 400 Bad Request: The CSRF session token is missing.
pgadmin             | ::ffff:172.18.0.1 - - [30/Sep/2022:14:46:57 +0800] "GET /dashboard/dashboard_stats/1?chart_names=session_stats,tps_stats,ti_stats,to_stats,bio_stats HTTP/1.1" 400 125 "http://localhost:5433/browser/" "Mozilla/5.0 (X11; Linux x86_64; rv:102.0) Gecko/20100101 Firefox/102.0"
pgadmin             | 2022-09-30 14:46:57,607: ERROR	pgadmin:	400 Bad Request: The CSRF session token is missing.
pgadmin             | Traceback (most recent call last):
pgadmin             |   File "/venv/lib/python3.10/site-packages/flask_wtf/csrf.py", line 261, in protect
pgadmin             |     validate_csrf(self._get_csrf_token())
pgadmin             |   File "/venv/lib/python3.10/site-packages/flask_wtf/csrf.py", line 103, in validate_csrf
pgadmin             |     raise ValidationError("The CSRF session token is missing.")
pgadmin             | wtforms.validators.ValidationError: The CSRF session token is missing.
pgadmin             | 
pgadmin             | During handling of the above exception, another exception occurred:
pgadmin             | 
pgadmin             | Traceback (most recent call last):
pgadmin             |   File "/venv/lib/python3.10/site-packages/flask/app.py", line 1515, in full_dispatch_request
pgadmin             |     rv = self.preprocess_request()
pgadmin             |   File "/venv/lib/python3.10/site-packages/flask/app.py", line 1857, in preprocess_request
pgadmin             |     rv = self.ensure_sync(before_func)()
pgadmin             |   File "/venv/lib/python3.10/site-packages/flask_wtf/csrf.py", line 229, in csrf_protect
pgadmin             |     self.protect()
pgadmin             |   File "/venv/lib/python3.10/site-packages/flask_wtf/csrf.py", line 264, in protect
pgadmin             |     self._error_response(e.args[0])
pgadmin             |   File "/venv/lib/python3.10/site-packages/flask_wtf/csrf.py", line 307, in _error_response
pgadmin             |     raise CSRFError(reason)
pgadmin             | flask_wtf.csrf.CSRFError: 400 Bad Request: The CSRF session token is missing.
pgadmin             | 2022-09-30 14:46:57,608: ERROR	pgadmin:	400 Bad Request: The CSRF session token is missing.
pgadmin             | Traceback (most recent call last):
pgadmin             |   File "/venv/lib/python3.10/site-packages/flask_wtf/csrf.py", line 261, in protect
pgadmin             |     validate_csrf(self._get_csrf_token())
pgadmin             |   File "/venv/lib/python3.10/site-packages/flask_wtf/csrf.py", line 103, in validate_csrf
pgadmin             |     raise ValidationError("The CSRF session token is missing.")
pgadmin             | wtforms.validators.ValidationError: The CSRF session token is missing.
pgadmin             | 
pgadmin             | During handling of the above exception, another exception occurred:
pgadmin             | 
pgadmin             | Traceback (most recent call last):
pgadmin             |   File "/venv/lib/python3.10/site-packages/flask/app.py", line 1515, in full_dispatch_request
pgadmin             |     rv = self.preprocess_request()
pgadmin             |   File "/venv/lib/python3.10/site-packages/flask/app.py", line 1857, in preprocess_request
pgadmin             |     rv = self.ensure_sync(before_func)()
pgadmin             |   File "/venv/lib/python3.10/site-packages/flask_wtf/csrf.py", line 229, in csrf_protect
pgadmin             |     self.protect()
pgadmin             |   File "/venv/lib/python3.10/site-packages/flask_wtf/csrf.py", line 264, in protect
pgadmin             |     self._error_response(e.args[0])
pgadmin             |   File "/venv/lib/python3.10/site-packages/flask_wtf/csrf.py", line 307, in _error_response
pgadmin             |     raise CSRFError(reason)
pgadmin             | flask_wtf.csrf.CSRFError: 400 Bad Request: The CSRF session token is missing.
pgadmin             | ::ffff:172.18.0.1 - - [30/Sep/2022:14:46:57 +0800] "GET /dashboard/dashboard_stats/1?chart_names=session_stats,tps_stats,ti_stats,to_stats,bio_stats HTTP/1.1" 400 125 "http://localhost:5433/browser/" "Mozilla/5.0 (X11; Linux x86_64; rv:102.0) Gecko/20100101 Firefox/102.0"
pgadmin             | ::ffff:172.18.0.1 - - [30/Sep/2022:14:46:57 +0800] "GET /dashboard/dashboard_stats/1?chart_names=session_stats,tps_stats,ti_stats,to_stats,bio_stats HTTP/1.1" 400 125 "http://localhost:5433/browser/" "Mozilla/5.0 (X11; Linux x86_64; rv:102.0) Gecko/20100101 Firefox/102.0"
pgadmin             | 2022-09-30 14:46:57,609: ERROR	pgadmin:	400 Bad Request: The CSRF session token is missing.
pgadmin             | Traceback (most recent call last):
pgadmin             |   File "/venv/lib/python3.10/site-packages/flask_wtf/csrf.py", line 261, in protect
pgadmin             |     validate_csrf(self._get_csrf_token())
pgadmin             |   File "/venv/lib/python3.10/site-packages/flask_wtf/csrf.py", line 103, in validate_csrf
pgadmin             |     raise ValidationError("The CSRF session token is missing.")
pgadmin             | wtforms.validators.ValidationError: The CSRF session token is missing.
pgadmin             | 
pgadmin             | During handling of the above exception, another exception occurred:
pgadmin             | 
pgadmin             | Traceback (most recent call last):
pgadmin             |   File "/venv/lib/python3.10/site-packages/flask/app.py", line 1515, in full_dispatch_request
pgadmin             |     rv = self.preprocess_request()
pgadmin             |   File "/venv/lib/python3.10/site-packages/flask/app.py", line 1857, in preprocess_request
pgadmin             |     rv = self.ensure_sync(before_func)()
pgadmin             |   File "/venv/lib/python3.10/site-packages/flask_wtf/csrf.py", line 229, in csrf_protect
pgadmin             |     self.protect()
pgadmin             |   File "/venv/lib/python3.10/site-packages/flask_wtf/csrf.py", line 264, in protect
pgadmin             |     self._error_response(e.args[0])
pgadmin             |   File "/venv/lib/python3.10/site-packages/flask_wtf/csrf.py", line 307, in _error_response
pgadmin             |     raise CSRFError(reason)
pgadmin             | flask_wtf.csrf.CSRFError: 400 Bad Request: The CSRF session token is missing.
pgadmin             | ::ffff:172.18.0.1 - - [30/Sep/2022:14:46:57 +0800] "GET /dashboard/dashboard_stats/1?chart_names=session_stats,tps_stats,ti_stats,to_stats,bio_stats HTTP/1.1" 400 125 "http://localhost:5433/browser/" "Mozilla/5.0 (X11; Linux x86_64; rv:102.0) Gecko/20100101 Firefox/102.0"
pgadmin             | 2022-09-30 14:46:58,766: ERROR	pgadmin:	400 Bad Request: The CSRF session token is missing.
pgadmin             | Traceback (most recent call last):
pgadmin             |   File "/venv/lib/python3.10/site-packages/flask_wtf/csrf.py", line 261, in protect
pgadmin             |     validate_csrf(self._get_csrf_token())
pgadmin             |   File "/venv/lib/python3.10/site-packages/flask_wtf/csrf.py", line 103, in validate_csrf
pgadmin             |     raise ValidationError("The CSRF session token is missing.")
pgadmin             | wtforms.validators.ValidationError: The CSRF session token is missing.
pgadmin             | 
pgadmin             | During handling of the above exception, another exception occurred:
pgadmin             | 
pgadmin             | Traceback (most recent call last):
pgadmin             |   File "/venv/lib/python3.10/site-packages/flask/app.py", line 1515, in full_dispatch_request
pgadmin             |     rv = self.preprocess_request()
pgadmin             |   File "/venv/lib/python3.10/site-packages/flask/app.py", line 1857, in preprocess_request
pgadmin             |     rv = self.ensure_sync(before_func)()
pgadmin             |   File "/venv/lib/python3.10/site-packages/flask_wtf/csrf.py", line 229, in csrf_protect
pgadmin             |     self.protect()
pgadmin             |   File "/venv/lib/python3.10/site-packages/flask_wtf/csrf.py", line 264, in protect
pgadmin             |     self._error_response(e.args[0])
pgadmin             |   File "/venv/lib/python3.10/site-packages/flask_wtf/csrf.py", line 307, in _error_response
pgadmin             |     raise CSRFError(reason)
pgadmin             | flask_wtf.csrf.CSRFError: 400 Bad Request: The CSRF session token is missing.
pgadmin             | ::ffff:172.18.0.1 - - [30/Sep/2022:14:46:58 +0800] "GET /dashboard/dashboard_stats/1?chart_names=session_stats,tps_stats,ti_stats,to_stats,bio_stats HTTP/1.1" 400 125 "http://localhost:5433/browser/" "Mozilla/5.0 (X11; Linux x86_64; rv:102.0) Gecko/20100101 Firefox/102.0"
pgadmin             | 2022-09-30 14:46:59,767: ERROR	pgadmin:	400 Bad Request: The CSRF session token is missing.
pgadmin             | Traceback (most recent call last):
pgadmin             |   File "/venv/lib/python3.10/site-packages/flask_wtf/csrf.py", line 261, in protect
pgadmin             |     validate_csrf(self._get_csrf_token())
pgadmin             |   File "/venv/lib/python3.10/site-packages/flask_wtf/csrf.py", line 103, in validate_csrf
pgadmin             |     raise ValidationError("The CSRF session token is missing.")
pgadmin             | wtforms.validators.ValidationError: The CSRF session token is missing.
pgadmin             | 
pgadmin             | During handling of the above exception, another exception occurred:
pgadmin             | 
pgadmin             | Traceback (most recent call last):
pgadmin             |   File "/venv/lib/python3.10/site-packages/flask/app.py", line 1515, in full_dispatch_request
pgadmin             |     rv = self.preprocess_request()
pgadmin             |   File "/venv/lib/python3.10/site-packages/flask/app.py", line 1857, in preprocess_request
pgadmin             |     rv = self.ensure_sync(before_func)()
pgadmin             |   File "/venv/lib/python3.10/site-packages/flask_wtf/csrf.py", line 229, in csrf_protect
pgadmin             |     self.protect()
pgadmin             |   File "/venv/lib/python3.10/site-packages/flask_wtf/csrf.py", line 264, in protect
pgadmin             |     self._error_response(e.args[0])
pgadmin             |   File "/venv/lib/python3.10/site-packages/flask_wtf/csrf.py", line 307, in _error_response
pgadmin             |     raise CSRFError(reason)
pgadmin             | flask_wtf.csrf.CSRFError: 400 Bad Request: The CSRF session token is missing.
pgadmin             | ::ffff:172.18.0.1 - - [30/Sep/2022:14:46:59 +0800] "GET /dashboard/dashboard_stats/1?chart_names=session_stats,tps_stats,ti_stats,to_stats,bio_stats HTTP/1.1" 400 125 "http://localhost:5433/browser/" "Mozilla/5.0 (X11; Linux x86_64; rv:102.0) Gecko/20100101 Firefox/102.0"
pgadmin             | 2022-09-30 14:47:00,766: ERROR	pgadmin:	400 Bad Request: The CSRF session token is missing.
pgadmin             | Traceback (most recent call last):
pgadmin             |   File "/venv/lib/python3.10/site-packages/flask_wtf/csrf.py", line 261, in protect
pgadmin             |     validate_csrf(self._get_csrf_token())
pgadmin             |   File "/venv/lib/python3.10/site-packages/flask_wtf/csrf.py", line 103, in validate_csrf
pgadmin             |     raise ValidationError("The CSRF session token is missing.")
pgadmin             | wtforms.validators.ValidationError: The CSRF session token is missing.
pgadmin             | 
pgadmin             | During handling of the above exception, another exception occurred:
pgadmin             | 
pgadmin             | Traceback (most recent call last):
pgadmin             |   File "/venv/lib/python3.10/site-packages/flask/app.py", line 1515, in full_dispatch_request
pgadmin             |     rv = self.preprocess_request()
pgadmin             |   File "/venv/lib/python3.10/site-packages/flask/app.py", line 1857, in preprocess_request
pgadmin             |     rv = self.ensure_sync(before_func)()
pgadmin             |   File "/venv/lib/python3.10/site-packages/flask_wtf/csrf.py", line 229, in csrf_protect
pgadmin             |     self.protect()
pgadmin             |   File "/venv/lib/python3.10/site-packages/flask_wtf/csrf.py", line 264, in protect
pgadmin             |     self._error_response(e.args[0])
pgadmin             |   File "/venv/lib/python3.10/site-packages/flask_wtf/csrf.py", line 307, in _error_response
pgadmin             |     raise CSRFError(reason)
pgadmin             | flask_wtf.csrf.CSRFError: 400 Bad Request: The CSRF session token is missing.
pgadmin             | ::ffff:172.18.0.1 - - [30/Sep/2022:14:47:00 +0800] "GET /dashboard/dashboard_stats/1?chart_names=session_stats,tps_stats,ti_stats,to_stats,bio_stats HTTP/1.1" 400 125 "http://localhost:5433/browser/" "Mozilla/5.0 (X11; Linux x86_64; rv:102.0) Gecko/20100101 Firefox/102.0"
pgadmin             | 2022-09-30 14:47:01,767: ERROR	pgadmin:	400 Bad Request: The CSRF session token is missing.
pgadmin             | Traceback (most recent call last):
pgadmin             |   File "/venv/lib/python3.10/site-packages/flask_wtf/csrf.py", line 261, in protect
pgadmin             |     validate_csrf(self._get_csrf_token())
pgadmin             |   File "/venv/lib/python3.10/site-packages/flask_wtf/csrf.py", line 103, in validate_csrf
pgadmin             |     raise ValidationError("The CSRF session token is missing.")
pgadmin             | wtforms.validators.ValidationError: The CSRF session token is missing.
pgadmin             | 
pgadmin             | During handling of the above exception, another exception occurred:
pgadmin             | 
pgadmin             | Traceback (most recent call last):
pgadmin             |   File "/venv/lib/python3.10/site-packages/flask/app.py", line 1515, in full_dispatch_request
pgadmin             |     rv = self.preprocess_request()
pgadmin             |   File "/venv/lib/python3.10/site-packages/flask/app.py", line 1857, in preprocess_request
pgadmin             |     rv = self.ensure_sync(before_func)()
pgadmin             |   File "/venv/lib/python3.10/site-packages/flask_wtf/csrf.py", line 229, in csrf_protect
pgadmin             |     self.protect()
pgadmin             |   File "/venv/lib/python3.10/site-packages/flask_wtf/csrf.py", line 264, in protect
pgadmin             |     self._error_response(e.args[0])
pgadmin             |   File "/venv/lib/python3.10/site-packages/flask_wtf/csrf.py", line 307, in _error_response
pgadmin             |     raise CSRFError(reason)
pgadmin             | flask_wtf.csrf.CSRFError: 400 Bad Request: The CSRF session token is missing.
pgadmin             | ::ffff:172.18.0.1 - - [30/Sep/2022:14:47:01 +0800] "GET /dashboard/dashboard_stats/1?chart_names=session_stats,tps_stats,ti_stats,to_stats,bio_stats HTTP/1.1" 400 125 "http://localhost:5433/browser/" "Mozilla/5.0 (X11; Linux x86_64; rv:102.0) Gecko/20100101 Firefox/102.0"
pgadmin             | 2022-09-30 14:47:02,767: ERROR	pgadmin:	400 Bad Request: The CSRF session token is missing.
pgadmin             | Traceback (most recent call last):
pgadmin             |   File "/venv/lib/python3.10/site-packages/flask_wtf/csrf.py", line 261, in protect
pgadmin             |     validate_csrf(self._get_csrf_token())
pgadmin             |   File "/venv/lib/python3.10/site-packages/flask_wtf/csrf.py", line 103, in validate_csrf
pgadmin             |     raise ValidationError("The CSRF session token is missing.")
pgadmin             | wtforms.validators.ValidationError: The CSRF session token is missing.
pgadmin             | 
pgadmin             | During handling of the above exception, another exception occurred:
pgadmin             | 
pgadmin             | Traceback (most recent call last):
pgadmin             |   File "/venv/lib/python3.10/site-packages/flask/app.py", line 1515, in full_dispatch_request
pgadmin             |     rv = self.preprocess_request()
pgadmin             |   File "/venv/lib/python3.10/site-packages/flask/app.py", line 1857, in preprocess_request
pgadmin             |     rv = self.ensure_sync(before_func)()
pgadmin             |   File "/venv/lib/python3.10/site-packages/flask_wtf/csrf.py", line 229, in csrf_protect
pgadmin             |     self.protect()
pgadmin             |   File "/venv/lib/python3.10/site-packages/flask_wtf/csrf.py", line 264, in protect
pgadmin             |     self._error_response(e.args[0])
pgadmin             |   File "/venv/lib/python3.10/site-packages/flask_wtf/csrf.py", line 307, in _error_response
pgadmin             |     raise CSRFError(reason)
pgadmin             | flask_wtf.csrf.CSRFError: 400 Bad Request: The CSRF session token is missing.
pgadmin             | ::ffff:172.18.0.1 - - [30/Sep/2022:14:47:02 +0800] "GET /dashboard/dashboard_stats/1?chart_names=session_stats,tps_stats,ti_stats,to_stats,bio_stats HTTP/1.1" 400 125 "http://localhost:5433/browser/" "Mozilla/5.0 (X11; Linux x86_64; rv:102.0) Gecko/20100101 Firefox/102.0"
pgadmin             | 2022-09-30 14:47:03,767: ERROR	pgadmin:	400 Bad Request: The CSRF session token is missing.
pgadmin             | Traceback (most recent call last):
pgadmin             |   File "/venv/lib/python3.10/site-packages/flask_wtf/csrf.py", line 261, in protect
pgadmin             |     validate_csrf(self._get_csrf_token())
pgadmin             |   File "/venv/lib/python3.10/site-packages/flask_wtf/csrf.py", line 103, in validate_csrf
pgadmin             |     raise ValidationError("The CSRF session token is missing.")
pgadmin             | wtforms.validators.ValidationError: The CSRF session token is missing.
pgadmin             | 
pgadmin             | During handling of the above exception, another exception occurred:
pgadmin             | 
pgadmin             | Traceback (most recent call last):
pgadmin             |   File "/venv/lib/python3.10/site-packages/flask/app.py", line 1515, in full_dispatch_request
pgadmin             |     rv = self.preprocess_request()
pgadmin             |   File "/venv/lib/python3.10/site-packages/flask/app.py", line 1857, in preprocess_request
pgadmin             |     rv = self.ensure_sync(before_func)()
pgadmin             |   File "/venv/lib/python3.10/site-packages/flask_wtf/csrf.py", line 229, in csrf_protect
pgadmin             |     self.protect()
pgadmin             |   File "/venv/lib/python3.10/site-packages/flask_wtf/csrf.py", line 264, in protect
pgadmin             |     self._error_response(e.args[0])
pgadmin             |   File "/venv/lib/python3.10/site-packages/flask_wtf/csrf.py", line 307, in _error_response
pgadmin             |     raise CSRFError(reason)
pgadmin             | flask_wtf.csrf.CSRFError: 400 Bad Request: The CSRF session token is missing.
pgadmin             | ::ffff:172.18.0.1 - - [30/Sep/2022:14:47:03 +0800] "GET /dashboard/dashboard_stats/1?chart_names=session_stats,tps_stats,ti_stats,to_stats,bio_stats HTTP/1.1" 400 125 "http://localhost:5433/browser/" "Mozilla/5.0 (X11; Linux x86_64; rv:102.0) Gecko/20100101 Firefox/102.0"
pgadmin             | 2022-09-30 14:47:04,768: ERROR	pgadmin:	400 Bad Request: The CSRF session token is missing.
pgadmin             | Traceback (most recent call last):
pgadmin             |   File "/venv/lib/python3.10/site-packages/flask_wtf/csrf.py", line 261, in protect
pgadmin             |     validate_csrf(self._get_csrf_token())
pgadmin             |   File "/venv/lib/python3.10/site-packages/flask_wtf/csrf.py", line 103, in validate_csrf
pgadmin             |     raise ValidationError("The CSRF session token is missing.")
pgadmin             | wtforms.validators.ValidationError: The CSRF session token is missing.
pgadmin             | 
pgadmin             | During handling of the above exception, another exception occurred:
pgadmin             | 
pgadmin             | Traceback (most recent call last):
pgadmin             |   File "/venv/lib/python3.10/site-packages/flask/app.py", line 1515, in full_dispatch_request
pgadmin             |     rv = self.preprocess_request()
pgadmin             |   File "/venv/lib/python3.10/site-packages/flask/app.py", line 1857, in preprocess_request
pgadmin             |     rv = self.ensure_sync(before_func)()
pgadmin             |   File "/venv/lib/python3.10/site-packages/flask_wtf/csrf.py", line 229, in csrf_protect
pgadmin             |     self.protect()
pgadmin             |   File "/venv/lib/python3.10/site-packages/flask_wtf/csrf.py", line 264, in protect
pgadmin             |     self._error_response(e.args[0])
pgadmin             |   File "/venv/lib/python3.10/site-packages/flask_wtf/csrf.py", line 307, in _error_response
pgadmin             |     raise CSRFError(reason)
pgadmin             | flask_wtf.csrf.CSRFError: 400 Bad Request: The CSRF session token is missing.
pgadmin             | ::ffff:172.18.0.1 - - [30/Sep/2022:14:47:04 +0800] "GET /dashboard/dashboard_stats/1?chart_names=session_stats,tps_stats,ti_stats,to_stats,bio_stats HTTP/1.1" 400 125 "http://localhost:5433/browser/" "Mozilla/5.0 (X11; Linux x86_64; rv:102.0) Gecko/20100101 Firefox/102.0"
pgadmin             | 2022-09-30 14:47:05,767: ERROR	pgadmin:	400 Bad Request: The CSRF session token is missing.
pgadmin             | Traceback (most recent call last):
pgadmin             |   File "/venv/lib/python3.10/site-packages/flask_wtf/csrf.py", line 261, in protect
pgadmin             |     validate_csrf(self._get_csrf_token())
pgadmin             |   File "/venv/lib/python3.10/site-packages/flask_wtf/csrf.py", line 103, in validate_csrf
pgadmin             |     raise ValidationError("The CSRF session token is missing.")
pgadmin             | wtforms.validators.ValidationError: The CSRF session token is missing.
pgadmin             | 
pgadmin             | During handling of the above exception, another exception occurred:
pgadmin             | 
pgadmin             | Traceback (most recent call last):
pgadmin             |   File "/venv/lib/python3.10/site-packages/flask/app.py", line 1515, in full_dispatch_request
pgadmin             |     rv = self.preprocess_request()
pgadmin             |   File "/venv/lib/python3.10/site-packages/flask/app.py", line 1857, in preprocess_request
pgadmin             |     rv = self.ensure_sync(before_func)()
pgadmin             |   File "/venv/lib/python3.10/site-packages/flask_wtf/csrf.py", line 229, in csrf_protect
pgadmin             |     self.protect()
pgadmin             |   File "/venv/lib/python3.10/site-packages/flask_wtf/csrf.py", line 264, in protect
pgadmin             |     self._error_response(e.args[0])
pgadmin             |   File "/venv/lib/python3.10/site-packages/flask_wtf/csrf.py", line 307, in _error_response
pgadmin             |     raise CSRFError(reason)
pgadmin             | flask_wtf.csrf.CSRFError: 400 Bad Request: The CSRF session token is missing.
pgadmin             | ::ffff:172.18.0.1 - - [30/Sep/2022:14:47:05 +0800] "GET /dashboard/dashboard_stats/1?chart_names=session_stats,tps_stats,ti_stats,to_stats,bio_stats HTTP/1.1" 400 125 "http://localhost:5433/browser/" "Mozilla/5.0 (X11; Linux x86_64; rv:102.0) Gecko/20100101 Firefox/102.0"
pgadmin             | 2022-09-30 14:47:06,767: ERROR	pgadmin:	400 Bad Request: The CSRF session token is missing.
pgadmin             | Traceback (most recent call last):
pgadmin             |   File "/venv/lib/python3.10/site-packages/flask_wtf/csrf.py", line 261, in protect
pgadmin             |     validate_csrf(self._get_csrf_token())
pgadmin             |   File "/venv/lib/python3.10/site-packages/flask_wtf/csrf.py", line 103, in validate_csrf
pgadmin             |     raise ValidationError("The CSRF session token is missing.")
pgadmin             | wtforms.validators.ValidationError: The CSRF session token is missing.
pgadmin             | 
pgadmin             | During handling of the above exception, another exception occurred:
pgadmin             | 
pgadmin             | Traceback (most recent call last):
pgadmin             |   File "/venv/lib/python3.10/site-packages/flask/app.py", line 1515, in full_dispatch_request
pgadmin             |     rv = self.preprocess_request()
pgadmin             |   File "/venv/lib/python3.10/site-packages/flask/app.py", line 1857, in preprocess_request
pgadmin             |     rv = self.ensure_sync(before_func)()
pgadmin             |   File "/venv/lib/python3.10/site-packages/flask_wtf/csrf.py", line 229, in csrf_protect
pgadmin             |     self.protect()
pgadmin             |   File "/venv/lib/python3.10/site-packages/flask_wtf/csrf.py", line 264, in protect
pgadmin             |     self._error_response(e.args[0])
pgadmin             |   File "/venv/lib/python3.10/site-packages/flask_wtf/csrf.py", line 307, in _error_response
pgadmin             |     raise CSRFError(reason)
pgadmin             | flask_wtf.csrf.CSRFError: 400 Bad Request: The CSRF session token is missing.
pgadmin             | ::ffff:172.18.0.1 - - [30/Sep/2022:14:47:06 +0800] "GET /dashboard/dashboard_stats/1?chart_names=session_stats,tps_stats,ti_stats,to_stats,bio_stats HTTP/1.1" 400 125 "http://localhost:5433/browser/" "Mozilla/5.0 (X11; Linux x86_64; rv:102.0) Gecko/20100101 Firefox/102.0"
pgadmin             | 2022-09-30 14:47:07,768: ERROR	pgadmin:	400 Bad Request: The CSRF session token is missing.
pgadmin             | Traceback (most recent call last):
pgadmin             |   File "/venv/lib/python3.10/site-packages/flask_wtf/csrf.py", line 261, in protect
pgadmin             |     validate_csrf(self._get_csrf_token())
pgadmin             |   File "/venv/lib/python3.10/site-packages/flask_wtf/csrf.py", line 103, in validate_csrf
pgadmin             |     raise ValidationError("The CSRF session token is missing.")
pgadmin             | wtforms.validators.ValidationError: The CSRF session token is missing.
pgadmin             | 
pgadmin             | During handling of the above exception, another exception occurred:
pgadmin             | 
pgadmin             | Traceback (most recent call last):
pgadmin             |   File "/venv/lib/python3.10/site-packages/flask/app.py", line 1515, in full_dispatch_request
pgadmin             |     rv = self.preprocess_request()
pgadmin             |   File "/venv/lib/python3.10/site-packages/flask/app.py", line 1857, in preprocess_request
pgadmin             |     rv = self.ensure_sync(before_func)()
pgadmin             |   File "/venv/lib/python3.10/site-packages/flask_wtf/csrf.py", line 229, in csrf_protect
pgadmin             |     self.protect()
pgadmin             |   File "/venv/lib/python3.10/site-packages/flask_wtf/csrf.py", line 264, in protect
pgadmin             |     self._error_response(e.args[0])
pgadmin             |   File "/venv/lib/python3.10/site-packages/flask_wtf/csrf.py", line 307, in _error_response
pgadmin             |     raise CSRFError(reason)
pgadmin             | flask_wtf.csrf.CSRFError: 400 Bad Request: The CSRF session token is missing.
pgadmin             | ::ffff:172.18.0.1 - - [30/Sep/2022:14:47:07 +0800] "GET /dashboard/dashboard_stats/1?chart_names=session_stats,tps_stats,ti_stats,to_stats,bio_stats HTTP/1.1" 400 125 "http://localhost:5433/browser/" "Mozilla/5.0 (X11; Linux x86_64; rv:102.0) Gecko/20100101 Firefox/102.0"
pgadmin             | 2022-09-30 14:47:08,768: ERROR	pgadmin:	400 Bad Request: The CSRF session token is missing.
pgadmin             | Traceback (most recent call last):
pgadmin             |   File "/venv/lib/python3.10/site-packages/flask_wtf/csrf.py", line 261, in protect
pgadmin             |     validate_csrf(self._get_csrf_token())
pgadmin             |   File "/venv/lib/python3.10/site-packages/flask_wtf/csrf.py", line 103, in validate_csrf
pgadmin             |     raise ValidationError("The CSRF session token is missing.")
pgadmin             | wtforms.validators.ValidationError: The CSRF session token is missing.
pgadmin             | 
pgadmin             | During handling of the above exception, another exception occurred:
pgadmin             | 
pgadmin             | Traceback (most recent call last):
pgadmin             |   File "/venv/lib/python3.10/site-packages/flask/app.py", line 1515, in full_dispatch_request
pgadmin             |     rv = self.preprocess_request()
pgadmin             |   File "/venv/lib/python3.10/site-packages/flask/app.py", line 1857, in preprocess_request
pgadmin             |     rv = self.ensure_sync(before_func)()
pgadmin             |   File "/venv/lib/python3.10/site-packages/flask_wtf/csrf.py", line 229, in csrf_protect
pgadmin             |     self.protect()
pgadmin             |   File "/venv/lib/python3.10/site-packages/flask_wtf/csrf.py", line 264, in protect
pgadmin             |     self._error_response(e.args[0])
pgadmin             |   File "/venv/lib/python3.10/site-packages/flask_wtf/csrf.py", line 307, in _error_response
pgadmin             |     raise CSRFError(reason)
pgadmin             | flask_wtf.csrf.CSRFError: 400 Bad Request: The CSRF session token is missing.
pgadmin             | ::ffff:172.18.0.1 - - [30/Sep/2022:14:47:08 +0800] "GET /dashboard/dashboard_stats/1?chart_names=session_stats,tps_stats,ti_stats,to_stats,bio_stats HTTP/1.1" 400 125 "http://localhost:5433/browser/" "Mozilla/5.0 (X11; Linux x86_64; rv:102.0) Gecko/20100101 Firefox/102.0"
pgadmin             | 2022-09-30 14:47:09,768: ERROR	pgadmin:	400 Bad Request: The CSRF session token is missing.
pgadmin             | Traceback (most recent call last):
pgadmin             |   File "/venv/lib/python3.10/site-packages/flask_wtf/csrf.py", line 261, in protect
pgadmin             |     validate_csrf(self._get_csrf_token())
pgadmin             |   File "/venv/lib/python3.10/site-packages/flask_wtf/csrf.py", line 103, in validate_csrf
pgadmin             |     raise ValidationError("The CSRF session token is missing.")
pgadmin             | wtforms.validators.ValidationError: The CSRF session token is missing.
pgadmin             | 
pgadmin             | During handling of the above exception, another exception occurred:
pgadmin             | 
pgadmin             | Traceback (most recent call last):
pgadmin             |   File "/venv/lib/python3.10/site-packages/flask/app.py", line 1515, in full_dispatch_request
pgadmin             |     rv = self.preprocess_request()
pgadmin             |   File "/venv/lib/python3.10/site-packages/flask/app.py", line 1857, in preprocess_request
pgadmin             |     rv = self.ensure_sync(before_func)()
pgadmin             |   File "/venv/lib/python3.10/site-packages/flask_wtf/csrf.py", line 229, in csrf_protect
pgadmin             |     self.protect()
pgadmin             |   File "/venv/lib/python3.10/site-packages/flask_wtf/csrf.py", line 264, in protect
pgadmin             |     self._error_response(e.args[0])
pgadmin             |   File "/venv/lib/python3.10/site-packages/flask_wtf/csrf.py", line 307, in _error_response
pgadmin             |     raise CSRFError(reason)
pgadmin             | flask_wtf.csrf.CSRFError: 400 Bad Request: The CSRF session token is missing.
pgadmin             | ::ffff:172.18.0.1 - - [30/Sep/2022:14:47:09 +0800] "GET /dashboard/dashboard_stats/1?chart_names=session_stats,tps_stats,ti_stats,to_stats,bio_stats HTTP/1.1" 400 125 "http://localhost:5433/browser/" "Mozilla/5.0 (X11; Linux x86_64; rv:102.0) Gecko/20100101 Firefox/102.0"
pgadmin             | 2022-09-30 14:47:10,768: ERROR	pgadmin:	400 Bad Request: The CSRF session token is missing.
pgadmin             | Traceback (most recent call last):
pgadmin             |   File "/venv/lib/python3.10/site-packages/flask_wtf/csrf.py", line 261, in protect
pgadmin             |     validate_csrf(self._get_csrf_token())
pgadmin             |   File "/venv/lib/python3.10/site-packages/flask_wtf/csrf.py", line 103, in validate_csrf
pgadmin             |     raise ValidationError("The CSRF session token is missing.")
pgadmin             | wtforms.validators.ValidationError: The CSRF session token is missing.
pgadmin             | 
pgadmin             | During handling of the above exception, another exception occurred:
pgadmin             | 
pgadmin             | Traceback (most recent call last):
pgadmin             |   File "/venv/lib/python3.10/site-packages/flask/app.py", line 1515, in full_dispatch_request
pgadmin             |     rv = self.preprocess_request()
pgadmin             |   File "/venv/lib/python3.10/site-packages/flask/app.py", line 1857, in preprocess_request
pgadmin             |     rv = self.ensure_sync(before_func)()
pgadmin             |   File "/venv/lib/python3.10/site-packages/flask_wtf/csrf.py", line 229, in csrf_protect
pgadmin             |     self.protect()
pgadmin             |   File "/venv/lib/python3.10/site-packages/flask_wtf/csrf.py", line 264, in protect
pgadmin             |     self._error_response(e.args[0])
pgadmin             |   File "/venv/lib/python3.10/site-packages/flask_wtf/csrf.py", line 307, in _error_response
pgadmin             |     raise CSRFError(reason)
pgadmin             | flask_wtf.csrf.CSRFError: 400 Bad Request: The CSRF session token is missing.
pgadmin             | ::ffff:172.18.0.1 - - [30/Sep/2022:14:47:10 +0800] "GET /dashboard/dashboard_stats/1?chart_names=session_stats,tps_stats,ti_stats,to_stats,bio_stats HTTP/1.1" 400 125 "http://localhost:5433/browser/" "Mozilla/5.0 (X11; Linux x86_64; rv:102.0) Gecko/20100101 Firefox/102.0"
pgadmin             | 2022-09-30 14:47:11,768: ERROR	pgadmin:	400 Bad Request: The CSRF session token is missing.
pgadmin             | Traceback (most recent call last):
pgadmin             |   File "/venv/lib/python3.10/site-packages/flask_wtf/csrf.py", line 261, in protect
pgadmin             |     validate_csrf(self._get_csrf_token())
pgadmin             |   File "/venv/lib/python3.10/site-packages/flask_wtf/csrf.py", line 103, in validate_csrf
pgadmin             |     raise ValidationError("The CSRF session token is missing.")
pgadmin             | wtforms.validators.ValidationError: The CSRF session token is missing.
pgadmin             | 
pgadmin             | During handling of the above exception, another exception occurred:
pgadmin             | 
pgadmin             | Traceback (most recent call last):
pgadmin             |   File "/venv/lib/python3.10/site-packages/flask/app.py", line 1515, in full_dispatch_request
pgadmin             |     rv = self.preprocess_request()
pgadmin             |   File "/venv/lib/python3.10/site-packages/flask/app.py", line 1857, in preprocess_request
pgadmin             |     rv = self.ensure_sync(before_func)()
pgadmin             |   File "/venv/lib/python3.10/site-packages/flask_wtf/csrf.py", line 229, in csrf_protect
pgadmin             |     self.protect()
pgadmin             |   File "/venv/lib/python3.10/site-packages/flask_wtf/csrf.py", line 264, in protect
pgadmin             |     self._error_response(e.args[0])
pgadmin             |   File "/venv/lib/python3.10/site-packages/flask_wtf/csrf.py", line 307, in _error_response
pgadmin             |     raise CSRFError(reason)
pgadmin             | flask_wtf.csrf.CSRFError: 400 Bad Request: The CSRF session token is missing.
pgadmin             | ::ffff:172.18.0.1 - - [30/Sep/2022:14:47:11 +0800] "GET /dashboard/dashboard_stats/1?chart_names=session_stats,tps_stats,ti_stats,to_stats,bio_stats HTTP/1.1" 400 125 "http://localhost:5433/browser/" "Mozilla/5.0 (X11; Linux x86_64; rv:102.0) Gecko/20100101 Firefox/102.0"
pgadmin             | 2022-09-30 14:47:12,769: ERROR	pgadmin:	400 Bad Request: The CSRF session token is missing.
pgadmin             | Traceback (most recent call last):
pgadmin             |   File "/venv/lib/python3.10/site-packages/flask_wtf/csrf.py", line 261, in protect
pgadmin             |     validate_csrf(self._get_csrf_token())
pgadmin             |   File "/venv/lib/python3.10/site-packages/flask_wtf/csrf.py", line 103, in validate_csrf
pgadmin             |     raise ValidationError("The CSRF session token is missing.")
pgadmin             | wtforms.validators.ValidationError: The CSRF session token is missing.
pgadmin             | 
pgadmin             | During handling of the above exception, another exception occurred:
pgadmin             | 
pgadmin             | Traceback (most recent call last):
pgadmin             |   File "/venv/lib/python3.10/site-packages/flask/app.py", line 1515, in full_dispatch_request
pgadmin             |     rv = self.preprocess_request()
pgadmin             |   File "/venv/lib/python3.10/site-packages/flask/app.py", line 1857, in preprocess_request
pgadmin             |     rv = self.ensure_sync(before_func)()
pgadmin             |   File "/venv/lib/python3.10/site-packages/flask_wtf/csrf.py", line 229, in csrf_protect
pgadmin             |     self.protect()
pgadmin             |   File "/venv/lib/python3.10/site-packages/flask_wtf/csrf.py", line 264, in protect
pgadmin             |     self._error_response(e.args[0])
pgadmin             |   File "/venv/lib/python3.10/site-packages/flask_wtf/csrf.py", line 307, in _error_response
pgadmin             |     raise CSRFError(reason)
pgadmin             | flask_wtf.csrf.CSRFError: 400 Bad Request: The CSRF session token is missing.
pgadmin             | ::ffff:172.18.0.1 - - [30/Sep/2022:14:47:12 +0800] "GET /dashboard/dashboard_stats/1?chart_names=session_stats,tps_stats,ti_stats,to_stats,bio_stats HTTP/1.1" 400 125 "http://localhost:5433/browser/" "Mozilla/5.0 (X11; Linux x86_64; rv:102.0) Gecko/20100101 Firefox/102.0"
pgadmin             | 2022-09-30 14:47:13,768: ERROR	pgadmin:	400 Bad Request: The CSRF session token is missing.
pgadmin             | Traceback (most recent call last):
pgadmin             |   File "/venv/lib/python3.10/site-packages/flask_wtf/csrf.py", line 261, in protect
pgadmin             |     validate_csrf(self._get_csrf_token())
pgadmin             |   File "/venv/lib/python3.10/site-packages/flask_wtf/csrf.py", line 103, in validate_csrf
pgadmin             |     raise ValidationError("The CSRF session token is missing.")
pgadmin             | wtforms.validators.ValidationError: The CSRF session token is missing.
pgadmin             | 
pgadmin             | During handling of the above exception, another exception occurred:
pgadmin             | 
pgadmin             | Traceback (most recent call last):
pgadmin             |   File "/venv/lib/python3.10/site-packages/flask/app.py", line 1515, in full_dispatch_request
pgadmin             |     rv = self.preprocess_request()
pgadmin             |   File "/venv/lib/python3.10/site-packages/flask/app.py", line 1857, in preprocess_request
pgadmin             |     rv = self.ensure_sync(before_func)()
pgadmin             |   File "/venv/lib/python3.10/site-packages/flask_wtf/csrf.py", line 229, in csrf_protect
pgadmin             |     self.protect()
pgadmin             |   File "/venv/lib/python3.10/site-packages/flask_wtf/csrf.py", line 264, in protect
pgadmin             |     self._error_response(e.args[0])
pgadmin             |   File "/venv/lib/python3.10/site-packages/flask_wtf/csrf.py", line 307, in _error_response
pgadmin             |     raise CSRFError(reason)
pgadmin             | flask_wtf.csrf.CSRFError: 400 Bad Request: The CSRF session token is missing.
pgadmin             | ::ffff:172.18.0.1 - - [30/Sep/2022:14:47:13 +0800] "GET /dashboard/dashboard_stats/1?chart_names=session_stats,tps_stats,ti_stats,to_stats,bio_stats HTTP/1.1" 400 125 "http://localhost:5433/browser/" "Mozilla/5.0 (X11; Linux x86_64; rv:102.0) Gecko/20100101 Firefox/102.0"
pgadmin             | 2022-09-30 14:47:14,769: ERROR	pgadmin:	400 Bad Request: The CSRF session token is missing.
pgadmin             | Traceback (most recent call last):
pgadmin             |   File "/venv/lib/python3.10/site-packages/flask_wtf/csrf.py", line 261, in protect
pgadmin             |     validate_csrf(self._get_csrf_token())
pgadmin             |   File "/venv/lib/python3.10/site-packages/flask_wtf/csrf.py", line 103, in validate_csrf
pgadmin             |     raise ValidationError("The CSRF session token is missing.")
pgadmin             | wtforms.validators.ValidationError: The CSRF session token is missing.
pgadmin             | 
pgadmin             | During handling of the above exception, another exception occurred:
pgadmin             | 
pgadmin             | Traceback (most recent call last):
pgadmin             |   File "/venv/lib/python3.10/site-packages/flask/app.py", line 1515, in full_dispatch_request
pgadmin             |     rv = self.preprocess_request()
pgadmin             |   File "/venv/lib/python3.10/site-packages/flask/app.py", line 1857, in preprocess_request
pgadmin             |     rv = self.ensure_sync(before_func)()
pgadmin             |   File "/venv/lib/python3.10/site-packages/flask_wtf/csrf.py", line 229, in csrf_protect
pgadmin             |     self.protect()
pgadmin             |   File "/venv/lib/python3.10/site-packages/flask_wtf/csrf.py", line 264, in protect
pgadmin             |     self._error_response(e.args[0])
pgadmin             |   File "/venv/lib/python3.10/site-packages/flask_wtf/csrf.py", line 307, in _error_response
pgadmin             |     raise CSRFError(reason)
pgadmin             | flask_wtf.csrf.CSRFError: 400 Bad Request: The CSRF session token is missing.
pgadmin             | ::ffff:172.18.0.1 - - [30/Sep/2022:14:47:14 +0800] "GET /dashboard/dashboard_stats/1?chart_names=session_stats,tps_stats,ti_stats,to_stats,bio_stats HTTP/1.1" 400 125 "http://localhost:5433/browser/" "Mozilla/5.0 (X11; Linux x86_64; rv:102.0) Gecko/20100101 Firefox/102.0"
pgadmin             | 2022-09-30 14:47:15,768: ERROR	pgadmin:	400 Bad Request: The CSRF session token is missing.
pgadmin             | Traceback (most recent call last):
pgadmin             |   File "/venv/lib/python3.10/site-packages/flask_wtf/csrf.py", line 261, in protect
pgadmin             |     validate_csrf(self._get_csrf_token())
pgadmin             |   File "/venv/lib/python3.10/site-packages/flask_wtf/csrf.py", line 103, in validate_csrf
pgadmin             |     raise ValidationError("The CSRF session token is missing.")
pgadmin             | wtforms.validators.ValidationError: The CSRF session token is missing.
pgadmin             | 
pgadmin             | During handling of the above exception, another exception occurred:
pgadmin             | 
pgadmin             | Traceback (most recent call last):
pgadmin             |   File "/venv/lib/python3.10/site-packages/flask/app.py", line 1515, in full_dispatch_request
pgadmin             |     rv = self.preprocess_request()
pgadmin             |   File "/venv/lib/python3.10/site-packages/flask/app.py", line 1857, in preprocess_request
pgadmin             |     rv = self.ensure_sync(before_func)()
pgadmin             |   File "/venv/lib/python3.10/site-packages/flask_wtf/csrf.py", line 229, in csrf_protect
pgadmin             |     self.protect()
pgadmin             |   File "/venv/lib/python3.10/site-packages/flask_wtf/csrf.py", line 264, in protect
pgadmin             |     self._error_response(e.args[0])
pgadmin             |   File "/venv/lib/python3.10/site-packages/flask_wtf/csrf.py", line 307, in _error_response
pgadmin             |     raise CSRFError(reason)
pgadmin             | flask_wtf.csrf.CSRFError: 400 Bad Request: The CSRF session token is missing.
pgadmin             | ::ffff:172.18.0.1 - - [30/Sep/2022:14:47:15 +0800] "GET /dashboard/dashboard_stats/1?chart_names=session_stats,tps_stats,ti_stats,to_stats,bio_stats HTTP/1.1" 400 125 "http://localhost:5433/browser/" "Mozilla/5.0 (X11; Linux x86_64; rv:102.0) Gecko/20100101 Firefox/102.0"
pgadmin             | 2022-09-30 14:47:16,769: ERROR	pgadmin:	400 Bad Request: The CSRF session token is missing.
pgadmin             | Traceback (most recent call last):
pgadmin             |   File "/venv/lib/python3.10/site-packages/flask_wtf/csrf.py", line 261, in protect
pgadmin             |     validate_csrf(self._get_csrf_token())
pgadmin             |   File "/venv/lib/python3.10/site-packages/flask_wtf/csrf.py", line 103, in validate_csrf
pgadmin             |     raise ValidationError("The CSRF session token is missing.")
pgadmin             | wtforms.validators.ValidationError: The CSRF session token is missing.
pgadmin             | 
pgadmin             | During handling of the above exception, another exception occurred:
pgadmin             | 
pgadmin             | Traceback (most recent call last):
pgadmin             |   File "/venv/lib/python3.10/site-packages/flask/app.py", line 1515, in full_dispatch_request
pgadmin             |     rv = self.preprocess_request()
pgadmin             |   File "/venv/lib/python3.10/site-packages/flask/app.py", line 1857, in preprocess_request
pgadmin             |     rv = self.ensure_sync(before_func)()
pgadmin             |   File "/venv/lib/python3.10/site-packages/flask_wtf/csrf.py", line 229, in csrf_protect
pgadmin             |     self.protect()
pgadmin             |   File "/venv/lib/python3.10/site-packages/flask_wtf/csrf.py", line 264, in protect
pgadmin             |     self._error_response(e.args[0])
pgadmin             |   File "/venv/lib/python3.10/site-packages/flask_wtf/csrf.py", line 307, in _error_response
pgadmin             |     raise CSRFError(reason)
pgadmin             | flask_wtf.csrf.CSRFError: 400 Bad Request: The CSRF session token is missing.
pgadmin             | ::ffff:172.18.0.1 - - [30/Sep/2022:14:47:16 +0800] "GET /dashboard/dashboard_stats/1?chart_names=session_stats,tps_stats,ti_stats,to_stats,bio_stats HTTP/1.1" 400 125 "http://localhost:5433/browser/" "Mozilla/5.0 (X11; Linux x86_64; rv:102.0) Gecko/20100101 Firefox/102.0"
Gracefully stopping... (press Ctrl+C again to force)
Container events-web-1  Stopping
Container events-rails-1  Stopping
Container pgadmin  Stopping
Container events-web-1  Stopped
Container events-rails-1  Stopped
Container events-webpacker-1  Stopping
Container events-sidekiq-1  Stopping
Container events-webpacker-1  Stopped
Container pgadmin  Stopped
Container events-postgres-1  Stopping
Container events-postgres-1  Stopped
Container events-sidekiq-1  Stopped
Container events-redis-1  Stopping
Container events-redis-1  Stopped
canceled
